[debug] [2020-08-17T11:28:13.056Z] ----------------------------------------------------------------------
[debug] [2020-08-17T11:28:13.061Z] Command:       C:\Program Files\nodejs\node.exe C:\Users\user\AppData\Roaming\npm\node_modules\firebase-tools\lib\bin\firebase.js init
[debug] [2020-08-17T11:28:13.062Z] CLI Version:   8.6.0
[debug] [2020-08-17T11:28:13.062Z] Platform:      win32
[debug] [2020-08-17T11:28:13.062Z] Node Version:  v12.17.0
[debug] [2020-08-17T11:28:13.064Z] Time:          Mon Aug 17 2020 17:13:13 GMT+0545 (Nepal Time)
[debug] [2020-08-17T11:28:13.065Z] ----------------------------------------------------------------------
[debug] [2020-08-17T11:28:13.065Z] 
[debug] [2020-08-17T11:28:13.080Z] > command requires scopes: ["email","openid","https://www.googleapis.com/auth/cloudplatformprojects.readonly","https://www.googleapis.com/auth/firebase","https://www.googleapis.com/auth/cloud-platform"]
[debug] [2020-08-17T11:28:13.081Z] > authorizing via signed-in user
[info] 
     ######## #### ########  ######## ########     ###     ######  ########
     ##        ##  ##     ## ##       ##     ##  ##   ##  ##       ##
     ######    ##  ########  ######   ########  #########  ######  ######
     ##        ##  ##    ##  ##       ##     ## ##     ##       ## ##
     ##       #### ##     ## ######## ########  ##     ##  ######  ########

You're about to initialize a Firebase project in this directory:

  C:\Users\user\Desktop\Messenger Clone

Before we get started, keep in mind:

  * You are initializing in an existing Firebase project directory

